08/15 09:56:55 PM | data split ratio : 0.30
08/15 09:56:55 PM | batch size : 128
08/15 09:56:55 PM | image size : 244
08/15 09:56:55 PM | optimizer : Adam (
Parameter Group 0
    amsgrad: False
    betas: (0.9, 0.999)
    eps: 1e-08
    initial_lr: 0.001
    lr: 0.001
    weight_decay: 0
)
08/15 09:56:55 PM | learning rate : 0.001
08/15 09:56:55 PM | ==================== EPOCH :  0 ====================
08/15 09:57:17 PM | train loss: 0.3696, train acc: 82.1429
08/15 09:57:24 PM | test loss: 1.0139, test acc : 64.0833
08/15 09:57:24 PM | ==================== EPOCH :  1 ====================
08/15 09:57:52 PM | train loss: 0.3941, train acc: 83.2500
08/15 09:57:59 PM | test loss: 0.2643, test acc : 88.2500
08/15 09:57:59 PM | ==================== EPOCH :  2 ====================
08/15 09:58:23 PM | train loss: 0.2730, train acc: 88.2143
08/15 09:58:31 PM | test loss: 0.2408, test acc : 89.1667
08/15 09:58:31 PM | ==================== EPOCH :  3 ====================
08/15 09:58:55 PM | train loss: 0.2240, train acc: 90.0714
08/15 09:59:05 PM | test loss: 0.3508, test acc : 88.1667
08/15 09:59:05 PM | ==================== EPOCH :  4 ====================
08/15 09:59:29 PM | train loss: 0.1866, train acc: 92.2500
08/15 09:59:37 PM | test loss: 0.2273, test acc : 89.7500
08/15 09:59:37 PM | ==================== EPOCH :  5 ====================
08/15 10:00:03 PM | train loss: 0.1590, train acc: 93.1429
08/15 10:00:10 PM | test loss: 0.3496, test acc : 88.9167
08/15 10:00:10 PM | ==================== EPOCH :  6 ====================
08/15 10:00:37 PM | train loss: 0.1516, train acc: 93.4286
08/15 10:00:44 PM | test loss: 0.2646, test acc : 91.0833
08/15 10:00:44 PM | ==================== EPOCH :  7 ====================
08/15 10:01:10 PM | train loss: 0.1146, train acc: 95.3929
08/15 10:01:17 PM | test loss: 0.2415, test acc : 90.7500
08/15 10:01:17 PM | ==================== EPOCH :  8 ====================
08/15 10:01:39 PM | train loss: 0.1111, train acc: 95.4643
08/15 10:01:49 PM | test loss: 0.3382, test acc : 89.1667
08/15 10:01:49 PM | ==================== EPOCH :  9 ====================
08/15 10:02:15 PM | train loss: 0.0906, train acc: 95.7143
08/15 10:02:23 PM | test loss: 0.3356, test acc : 89.9167
08/15 10:02:23 PM | ==================== EPOCH :  10 ====================
08/15 10:02:47 PM | train loss: 0.0767, train acc: 96.9286
08/15 10:02:55 PM | test loss: 0.3837, test acc : 89.6667
08/15 10:02:55 PM | ==================== EPOCH :  11 ====================
08/15 10:03:18 PM | train loss: 0.0597, train acc: 97.3214
08/15 10:03:25 PM | test loss: 0.4287, test acc : 90.9167
08/15 10:03:25 PM | ==================== EPOCH :  12 ====================
08/15 10:03:52 PM | train loss: 0.0696, train acc: 97.3214
08/15 10:03:59 PM | test loss: 0.3551, test acc : 90.2500
08/15 10:03:59 PM | ==================== EPOCH :  13 ====================
08/15 10:04:23 PM | train loss: 0.0583, train acc: 97.5714
08/15 10:04:30 PM | test loss: 0.3793, test acc : 90.4167
08/15 10:04:30 PM | ==================== EPOCH :  14 ====================
08/15 10:04:54 PM | train loss: 0.0329, train acc: 98.5000
08/15 10:05:04 PM | test loss: 0.6155, test acc : 89.0833
08/15 10:05:04 PM | ==================== EPOCH :  15 ====================
08/15 10:05:28 PM | train loss: 0.0342, train acc: 98.5000
08/15 10:05:35 PM | test loss: 0.4821, test acc : 90.0833
08/15 10:05:35 PM | ==================== EPOCH :  16 ====================
08/15 10:06:00 PM | train loss: 0.0396, train acc: 98.3571
08/15 10:06:08 PM | test loss: 0.4391, test acc : 89.8333
08/15 10:06:08 PM | ==================== EPOCH :  17 ====================
08/15 10:06:32 PM | train loss: 0.0237, train acc: 98.9643
08/15 10:06:41 PM | test loss: 0.6930, test acc : 90.1667
08/15 10:06:41 PM | ==================== EPOCH :  18 ====================
08/15 10:07:05 PM | train loss: 0.0241, train acc: 98.9286
08/15 10:07:13 PM | test loss: 0.5229, test acc : 90.9167
08/15 10:07:13 PM | ==================== EPOCH :  19 ====================
08/15 10:07:36 PM | train loss: 0.0338, train acc: 98.6786
08/15 10:07:46 PM | test loss: 0.7209, test acc : 90.4167
08/15 10:07:46 PM | ==================== EPOCH :  20 ====================
08/15 10:08:10 PM | train loss: 0.0106, train acc: 99.6429
08/15 10:08:20 PM | test loss: 0.9179, test acc : 90.3333
08/15 10:08:20 PM | ==================== EPOCH :  21 ====================
08/15 10:08:42 PM | train loss: 0.0227, train acc: 99.1071
08/15 10:08:53 PM | test loss: 0.5957, test acc : 89.9167
08/15 10:08:53 PM | ==================== EPOCH :  22 ====================
08/15 10:09:15 PM | train loss: 0.0243, train acc: 99.2500
08/15 10:09:23 PM | test loss: 0.4506, test acc : 90.5000
08/15 10:09:23 PM | ==================== EPOCH :  23 ====================
08/15 10:09:49 PM | train loss: 0.0112, train acc: 99.6786
08/15 10:09:58 PM | test loss: 0.7273, test acc : 89.8333
08/15 10:09:58 PM | ==================== EPOCH :  24 ====================
08/15 10:10:22 PM | train loss: 0.0050, train acc: 99.8571
08/15 10:10:29 PM | test loss: 0.8757, test acc : 89.9167
08/15 10:10:29 PM | ==================== EPOCH :  25 ====================
08/15 10:10:54 PM | train loss: 0.0046, train acc: 99.8571
08/15 10:11:03 PM | test loss: 0.8433, test acc : 90.5000
08/15 10:11:03 PM | ==================== EPOCH :  26 ====================
08/15 10:11:27 PM | train loss: 0.0017, train acc: 99.9286
08/15 10:11:35 PM | test loss: 0.9506, test acc : 90.2500
08/15 10:11:35 PM | ==================== EPOCH :  27 ====================
08/15 10:12:00 PM | train loss: 0.0007, train acc: 100.0000
08/15 10:12:08 PM | test loss: 1.1097, test acc : 90.1667
08/15 10:12:08 PM | ==================== EPOCH :  28 ====================
08/15 10:12:32 PM | train loss: 0.0004, train acc: 100.0000
08/15 10:12:41 PM | test loss: 1.1710, test acc : 90.0833
08/15 10:12:41 PM | ==================== EPOCH :  29 ====================
08/15 10:13:06 PM | train loss: 0.0003, train acc: 100.0000
08/15 10:13:14 PM | test loss: 1.1962, test acc : 90.1667
08/15 10:13:14 PM | ==================== EPOCH :  30 ====================
08/15 10:13:36 PM | train loss: 0.0002, train acc: 100.0000
08/15 10:13:46 PM | test loss: 1.2241, test acc : 90.1667
08/15 10:13:46 PM | ==================== EPOCH :  31 ====================
08/15 10:14:09 PM | train loss: 0.0001, train acc: 100.0000
08/15 10:14:18 PM | test loss: 1.2469, test acc : 90.0833
08/15 10:14:18 PM | ==================== EPOCH :  32 ====================
08/15 10:14:40 PM | train loss: 0.0001, train acc: 100.0000
08/15 10:14:49 PM | test loss: 1.2596, test acc : 90.0833
08/15 10:14:49 PM | ==================== EPOCH :  33 ====================
08/15 10:15:13 PM | train loss: 0.0001, train acc: 100.0000
08/15 10:15:21 PM | test loss: 1.2805, test acc : 90.0833
08/15 10:15:21 PM | ==================== EPOCH :  34 ====================
08/15 10:15:46 PM | train loss: 0.0001, train acc: 100.0000
08/15 10:15:55 PM | test loss: 1.2968, test acc : 90.0833
08/15 10:15:55 PM | ==================== EPOCH :  35 ====================
08/15 10:16:19 PM | train loss: 0.0001, train acc: 100.0000
08/15 10:16:26 PM | test loss: 1.3180, test acc : 90.0833
08/15 10:16:26 PM | ==================== EPOCH :  36 ====================
08/15 10:16:51 PM | train loss: 0.0000, train acc: 100.0000
08/15 10:16:58 PM | test loss: 1.3216, test acc : 90.0000
08/15 10:16:58 PM | ==================== EPOCH :  37 ====================
08/15 10:17:24 PM | train loss: 0.0000, train acc: 100.0000
08/15 10:17:31 PM | test loss: 1.3283, test acc : 90.0000
08/15 10:17:31 PM | ==================== EPOCH :  38 ====================
08/15 10:17:56 PM | train loss: 0.0000, train acc: 100.0000
08/15 10:18:04 PM | test loss: 1.3414, test acc : 90.0000
08/15 10:18:04 PM | ==================== EPOCH :  39 ====================
08/15 10:18:26 PM | train loss: 0.0000, train acc: 100.0000
08/15 10:18:37 PM | test loss: 1.3544, test acc : 90.0000
08/15 10:18:37 PM | ==================== EPOCH :  40 ====================
08/15 10:19:01 PM | train loss: 0.0000, train acc: 100.0000
08/15 10:19:10 PM | test loss: 1.3668, test acc : 90.0000
08/15 10:19:10 PM | ==================== EPOCH :  41 ====================
08/15 10:19:33 PM | train loss: 0.0000, train acc: 100.0000
08/15 10:19:40 PM | test loss: 1.3700, test acc : 89.9167
08/15 10:19:40 PM | ==================== EPOCH :  42 ====================
08/15 10:20:07 PM | train loss: 0.0000, train acc: 100.0000
08/15 10:20:16 PM | test loss: 1.3736, test acc : 89.9167
08/15 10:20:16 PM | ==================== EPOCH :  43 ====================
08/15 10:20:39 PM | train loss: 0.0000, train acc: 100.0000
08/15 10:20:48 PM | test loss: 1.3760, test acc : 89.9167
08/15 10:20:48 PM | ==================== EPOCH :  44 ====================
08/15 10:21:11 PM | train loss: 0.0000, train acc: 100.0000
08/15 10:21:19 PM | test loss: 1.3781, test acc : 89.9167
08/15 10:21:19 PM | ==================== EPOCH :  45 ====================
08/15 10:21:43 PM | train loss: 0.0000, train acc: 100.0000
08/15 10:21:52 PM | test loss: 1.3896, test acc : 89.9167
08/15 10:21:52 PM | ==================== EPOCH :  46 ====================
08/15 10:22:17 PM | train loss: 0.0000, train acc: 100.0000
08/15 10:22:24 PM | test loss: 1.3916, test acc : 89.9167
08/15 10:22:24 PM | ==================== EPOCH :  47 ====================
08/15 10:22:49 PM | train loss: 0.0000, train acc: 100.0000
08/15 10:22:56 PM | test loss: 1.3935, test acc : 89.9167
08/15 10:22:56 PM | ==================== EPOCH :  48 ====================
08/15 10:23:21 PM | train loss: 0.0000, train acc: 100.0000
08/15 10:23:28 PM | test loss: 1.3964, test acc : 89.9167
08/15 10:23:28 PM | ==================== EPOCH :  49 ====================
08/15 10:23:53 PM | train loss: 0.0000, train acc: 100.0000
08/15 10:24:00 PM | test loss: 1.3977, test acc : 89.9167
