08/15 09:09:03 PM | data split ratio : 0.20
08/15 09:09:03 PM | batch size : 128
08/15 09:09:03 PM | image size : 240
08/15 09:09:03 PM | optimizer : Adam (
Parameter Group 0
    amsgrad: False
    betas: (0.9, 0.999)
    eps: 1e-08
    initial_lr: 0.001
    lr: 0.001
    weight_decay: 0
)
08/15 09:09:03 PM | learning rate : 0.001
08/15 09:09:03 PM | ==================== EPOCH :  0 ====================
08/15 09:09:31 PM | train loss: 0.3557, train acc: 82.6875
08/15 09:09:38 PM | test loss: 0.5147, test acc : 78.5000
08/15 09:09:38 PM | ==================== EPOCH :  1 ====================
08/15 09:10:04 PM | train loss: 0.4321, train acc: 81.6875
08/15 09:10:10 PM | test loss: 0.2556, test acc : 88.3750
08/15 09:10:10 PM | ==================== EPOCH :  2 ====================
08/15 09:10:35 PM | train loss: 0.2346, train acc: 89.4688
08/15 09:10:40 PM | test loss: 0.2570, test acc : 88.1250
08/15 09:10:40 PM | ==================== EPOCH :  3 ====================
08/15 09:11:08 PM | train loss: 0.1945, train acc: 91.5312
08/15 09:11:15 PM | test loss: 0.2347, test acc : 89.7500
08/15 09:11:15 PM | ==================== EPOCH :  4 ====================
08/15 09:11:39 PM | train loss: 0.1569, train acc: 93.6250
08/15 09:11:46 PM | test loss: 0.2232, test acc : 90.3750
08/15 09:11:46 PM | ==================== EPOCH :  5 ====================
08/15 09:12:12 PM | train loss: 0.1646, train acc: 93.1562
08/15 09:12:17 PM | test loss: 0.2171, test acc : 90.8750
08/15 09:12:17 PM | ==================== EPOCH :  6 ====================
08/15 09:12:46 PM | train loss: 0.1316, train acc: 94.8750
08/15 09:12:52 PM | test loss: 0.2238, test acc : 89.3750
08/15 09:12:52 PM | ==================== EPOCH :  7 ====================
08/15 09:13:19 PM | train loss: 0.1115, train acc: 95.6250
08/15 09:13:24 PM | test loss: 0.2586, test acc : 89.5000
08/15 09:13:24 PM | ==================== EPOCH :  8 ====================
08/15 09:13:51 PM | train loss: 0.1117, train acc: 95.5000
08/15 09:13:56 PM | test loss: 0.3034, test acc : 89.8750
08/15 09:13:56 PM | ==================== EPOCH :  9 ====================
08/15 09:14:24 PM | train loss: 0.0928, train acc: 96.1562
08/15 09:14:28 PM | test loss: 0.2542, test acc : 91.2500
08/15 09:14:28 PM | ==================== EPOCH :  10 ====================
08/15 09:14:56 PM | train loss: 0.0741, train acc: 97.0312
08/15 09:15:01 PM | test loss: 0.2969, test acc : 89.2500
08/15 09:15:01 PM | ==================== EPOCH :  11 ====================
08/15 09:15:25 PM | train loss: 0.0576, train acc: 97.6250
08/15 09:15:31 PM | test loss: 0.3500, test acc : 90.0000
08/15 09:15:31 PM | ==================== EPOCH :  12 ====================
08/15 09:15:59 PM | train loss: 0.0396, train acc: 98.1875
08/15 09:16:06 PM | test loss: 0.5293, test acc : 90.0000
08/15 09:16:06 PM | ==================== EPOCH :  13 ====================
08/15 09:16:31 PM | train loss: 0.0398, train acc: 98.3438
08/15 09:16:36 PM | test loss: 0.3934, test acc : 90.1250
08/15 09:16:36 PM | ==================== EPOCH :  14 ====================
08/15 09:17:04 PM | train loss: 0.0365, train acc: 98.5000
08/15 09:17:09 PM | test loss: 0.4989, test acc : 89.0000
08/15 09:17:09 PM | ==================== EPOCH :  15 ====================
08/15 09:17:35 PM | train loss: 0.0289, train acc: 99.1562
08/15 09:17:40 PM | test loss: 0.4751, test acc : 90.6250
08/15 09:17:40 PM | ==================== EPOCH :  16 ====================
08/15 09:18:07 PM | train loss: 0.0315, train acc: 99.0312
08/15 09:18:12 PM | test loss: 0.4319, test acc : 91.2500
08/15 09:18:12 PM | ==================== EPOCH :  17 ====================
08/15 09:18:40 PM | train loss: 0.0222, train acc: 99.2812
08/15 09:18:45 PM | test loss: 0.5871, test acc : 89.6250
08/15 09:18:45 PM | ==================== EPOCH :  18 ====================
08/15 09:19:13 PM | train loss: 0.0148, train acc: 99.5312
08/15 09:19:17 PM | test loss: 0.5407, test acc : 90.0000
08/15 09:19:17 PM | ==================== EPOCH :  19 ====================
08/15 09:19:44 PM | train loss: 0.0190, train acc: 99.3125
08/15 09:19:49 PM | test loss: 0.4879, test acc : 90.7500
08/15 09:19:49 PM | ==================== EPOCH :  20 ====================
08/15 09:20:16 PM | train loss: 0.0222, train acc: 99.2812
08/15 09:20:21 PM | test loss: 0.5044, test acc : 90.7500
08/15 09:20:21 PM | ==================== EPOCH :  21 ====================
08/15 09:20:47 PM | train loss: 0.0141, train acc: 99.5312
08/15 09:20:53 PM | test loss: 0.5726, test acc : 89.6250
08/15 09:20:53 PM | ==================== EPOCH :  22 ====================
08/15 09:21:18 PM | train loss: 0.0139, train acc: 99.3750
08/15 09:21:22 PM | test loss: 0.5592, test acc : 90.1250
08/15 09:21:22 PM | ==================== EPOCH :  23 ====================
08/15 09:21:51 PM | train loss: 0.0102, train acc: 99.6875
08/15 09:21:56 PM | test loss: 0.5218, test acc : 90.3750
08/15 09:21:56 PM | ==================== EPOCH :  24 ====================
08/15 09:22:23 PM | train loss: 0.0021, train acc: 99.9688
08/15 09:22:28 PM | test loss: 0.6552, test acc : 91.1250
08/15 09:22:28 PM | ==================== EPOCH :  25 ====================
08/15 09:22:54 PM | train loss: 0.0150, train acc: 99.5000
08/15 09:22:59 PM | test loss: 0.5512, test acc : 89.3750
08/15 09:22:59 PM | ==================== EPOCH :  26 ====================
08/15 09:23:28 PM | train loss: 0.0076, train acc: 99.8125
08/15 09:23:33 PM | test loss: 0.5150, test acc : 90.5000
08/15 09:23:33 PM | ==================== EPOCH :  27 ====================
08/15 09:24:00 PM | train loss: 0.0038, train acc: 99.9063
08/15 09:24:05 PM | test loss: 0.6403, test acc : 90.2500
08/15 09:24:05 PM | ==================== EPOCH :  28 ====================
08/15 09:24:32 PM | train loss: 0.0022, train acc: 99.9063
08/15 09:24:38 PM | test loss: 0.6602, test acc : 91.0000
08/15 09:24:38 PM | ==================== EPOCH :  29 ====================
08/15 09:25:05 PM | train loss: 0.0037, train acc: 99.8438
08/15 09:25:10 PM | test loss: 0.7018, test acc : 89.8750
